<?xml version="1.0" encoding="UTF-8"?>
<!-- Generated by org.testng.reporters.JUnitReportReporter -->
<testsuite hostname="DESKTOP-QIFJ7N2" name="FirstTestCase" tests="1" failures="0" timestamp="30 Nov 2018 05:19:35 GMT" time="21.122" errors="0">
  <testcase name="main" time="21.122" classname="FirstTestCase"/>
</testsuite> <!-- FirstTestCase -->
